This file contains any messages produced by compilers while
running configure, to aid debugging if configure makes a mistake.

It was created by configure, which was
generated by GNU Autoconf 2.69.  Invocation command line was

  $ ./configure --with-interpreter --with-optimize

## --------- ##
## Platform. ##
## --------- ##

hostname = clover-lang.org
uname -m = x86_64
uname -r = 4.9.0-3-amd64
uname -s = Linux
uname -v = #1 SMP Debian 4.9.30-2+deb9u2 (2017-06-26)

/usr/bin/uname -p = unknown
/bin/uname -X     = unknown

/bin/arch              = unknown
/usr/bin/arch -k       = unknown
/usr/convex/getsysinfo = unknown
/usr/bin/hostinfo      = unknown
/bin/machine           = unknown
/usr/bin/oslevel       = unknown
/bin/universe          = unknown

PATH: ~/bin
PATH: ~/bin
PATH: /usr/local/bin
PATH: /usr/bin
PATH: /bin
PATH: /usr/games


## ----------- ##
## Core tests. ##
## ----------- ##

configure:2156: checking for gcc
configure:2172: found /usr/bin/gcc
configure:2183: result: gcc
configure:2412: checking for C compiler version
configure:2421: gcc --version >&5
gcc (Debian 6.3.0-18) 6.3.0 20170516
Copyright (C) 2016 Free Software Foundation, Inc.
This is free software; see the source for copying conditions.  There is NO
warranty; not even for MERCHANTABILITY or FITNESS FOR A PARTICULAR PURPOSE.

configure:2432: $? = 0
configure:2421: gcc -v >&5
Using built-in specs.
COLLECT_GCC=gcc
COLLECT_LTO_WRAPPER=/usr/lib/gcc/x86_64-linux-gnu/6/lto-wrapper
Target: x86_64-linux-gnu
Configured with: ../src/configure -v --with-pkgversion='Debian 6.3.0-18' --with-bugurl=file:///usr/share/doc/gcc-6/README.Bugs --enable-languages=c,ada,c++,java,go,d,fortran,objc,obj-c++ --prefix=/usr --program-suffix=-6 --program-prefix=x86_64-linux-gnu- --enable-shared --enable-linker-build-id --libexecdir=/usr/lib --without-included-gettext --enable-threads=posix --libdir=/usr/lib --enable-nls --with-sysroot=/ --enable-clocale=gnu --enable-libstdcxx-debug --enable-libstdcxx-time=yes --with-default-libstdcxx-abi=new --enable-gnu-unique-object --disable-vtable-verify --enable-libmpx --enable-plugin --enable-default-pie --with-system-zlib --disable-browser-plugin --enable-java-awt=gtk --enable-gtk-cairo --with-java-home=/usr/lib/jvm/java-1.5.0-gcj-6-amd64/jre --enable-java-home --with-jvm-root-dir=/usr/lib/jvm/java-1.5.0-gcj-6-amd64 --with-jvm-jar-dir=/usr/lib/jvm-exports/java-1.5.0-gcj-6-amd64 --with-arch-directory=amd64 --with-ecj-jar=/usr/share/java/eclipse-ecj.jar --with-target-system-zlib --enable-objc-gc=auto --enable-multiarch --with-arch-32=i686 --with-abi=m64 --with-multilib-list=m32,m64,mx32 --enable-multilib --with-tune=generic --enable-checking=release --build=x86_64-linux-gnu --host=x86_64-linux-gnu --target=x86_64-linux-gnu
Thread model: posix
gcc version 6.3.0 20170516 (Debian 6.3.0-18) 
configure:2432: $? = 0
configure:2421: gcc -V >&5
gcc: error: unrecognized command line option '-V'
gcc: fatal error: no input files
compilation terminated.
configure:2432: $? = 1
configure:2421: gcc -qversion >&5
gcc: error: unrecognized command line option '-qversion'; did you mean '--version'?
gcc: fatal error: no input files
compilation terminated.
configure:2432: $? = 1
configure:2452: checking whether the C compiler works
configure:2474: gcc    conftest.c  >&5
configure:2478: $? = 0
configure:2526: result: yes
configure:2529: checking for C compiler default output file name
configure:2531: result: a.out
configure:2537: checking for suffix of executables
configure:2544: gcc -o conftest    conftest.c  >&5
configure:2548: $? = 0
configure:2570: result: 
configure:2592: checking whether we are cross compiling
configure:2600: gcc -o conftest    conftest.c  >&5
configure:2604: $? = 0
configure:2611: ./conftest
configure:2615: $? = 0
configure:2630: result: no
configure:2635: checking for suffix of object files
configure:2657: gcc -c   conftest.c >&5
configure:2661: $? = 0
configure:2682: result: o
configure:2686: checking whether we are using the GNU C compiler
configure:2705: gcc -c   conftest.c >&5
configure:2705: $? = 0
configure:2714: result: yes
configure:2723: checking whether gcc accepts -g
configure:2743: gcc -c -g  conftest.c >&5
configure:2743: $? = 0
configure:2784: result: yes
configure:2801: checking for gcc option to accept ISO C89
configure:2864: gcc  -c -g -O2  conftest.c >&5
configure:2864: $? = 0
configure:2877: result: none needed
configure:2940: checking for a BSD-compatible install
configure:3008: result: /usr/bin/install -c
configure:3025: checking how to run the C preprocessor
configure:3056: gcc -E  conftest.c
configure:3056: $? = 0
configure:3070: gcc -E  conftest.c
conftest.c:9:28: fatal error: ac_nonexistent.h: No such file or directory
 #include <ac_nonexistent.h>
                            ^
compilation terminated.
configure:3070: $? = 1
configure: failed program was:
| /* confdefs.h */
| #define PACKAGE_NAME ""
| #define PACKAGE_TARNAME ""
| #define PACKAGE_VERSION ""
| #define PACKAGE_STRING ""
| #define PACKAGE_BUGREPORT ""
| #define PACKAGE_URL ""
| /* end confdefs.h.  */
| #include <ac_nonexistent.h>
configure:3095: result: gcc -E
configure:3115: gcc -E  conftest.c
configure:3115: $? = 0
configure:3129: gcc -E  conftest.c
conftest.c:9:28: fatal error: ac_nonexistent.h: No such file or directory
 #include <ac_nonexistent.h>
                            ^
compilation terminated.
configure:3129: $? = 1
configure: failed program was:
| /* confdefs.h */
| #define PACKAGE_NAME ""
| #define PACKAGE_TARNAME ""
| #define PACKAGE_VERSION ""
| #define PACKAGE_STRING ""
| #define PACKAGE_BUGREPORT ""
| #define PACKAGE_URL ""
| /* end confdefs.h.  */
| #include <ac_nonexistent.h>
configure:3158: checking for grep that handles long lines and -e
configure:3216: result: /bin/grep
configure:3221: checking for egrep
configure:3283: result: /bin/grep -E
configure:3288: checking for ANSI C header files
configure:3308: gcc -c -g -O2  conftest.c >&5
configure:3308: $? = 0
configure:3381: gcc -o conftest -g -O2   conftest.c  >&5
configure:3381: $? = 0
configure:3381: ./conftest
configure:3381: $? = 0
configure:3392: result: yes
configure:3405: checking for sys/types.h
configure:3405: gcc -c -g -O2  conftest.c >&5
configure:3405: $? = 0
configure:3405: result: yes
configure:3405: checking for sys/stat.h
configure:3405: gcc -c -g -O2  conftest.c >&5
configure:3405: $? = 0
configure:3405: result: yes
configure:3405: checking for stdlib.h
configure:3405: gcc -c -g -O2  conftest.c >&5
configure:3405: $? = 0
configure:3405: result: yes
configure:3405: checking for string.h
configure:3405: gcc -c -g -O2  conftest.c >&5
configure:3405: $? = 0
configure:3405: result: yes
configure:3405: checking for memory.h
configure:3405: gcc -c -g -O2  conftest.c >&5
configure:3405: $? = 0
configure:3405: result: yes
configure:3405: checking for strings.h
configure:3405: gcc -c -g -O2  conftest.c >&5
configure:3405: $? = 0
configure:3405: result: yes
configure:3405: checking for inttypes.h
configure:3405: gcc -c -g -O2  conftest.c >&5
configure:3405: $? = 0
configure:3405: result: yes
configure:3405: checking for stdint.h
configure:3405: gcc -c -g -O2  conftest.c >&5
configure:3405: $? = 0
configure:3405: result: yes
configure:3405: checking for unistd.h
configure:3405: gcc -c -g -O2  conftest.c >&5
configure:3405: $? = 0
configure:3405: result: yes
configure:3417: checking whether byte ordering is bigendian
configure:3432: gcc -c -g -O2  conftest.c >&5
conftest.c:20:9: error: unknown type name 'not'
         not a universal capable compiler
         ^~~
conftest.c:20:15: error: expected '=', ',', ';', 'asm' or '__attribute__' before 'universal'
         not a universal capable compiler
               ^~~~~~~~~
conftest.c:20:15: error: unknown type name 'universal'
configure:3432: $? = 1
configure: failed program was:
| /* confdefs.h */
| #define PACKAGE_NAME ""
| #define PACKAGE_TARNAME ""
| #define PACKAGE_VERSION ""
| #define PACKAGE_STRING ""
| #define PACKAGE_BUGREPORT ""
| #define PACKAGE_URL ""
| #define STDC_HEADERS 1
| #define HAVE_SYS_TYPES_H 1
| #define HAVE_SYS_STAT_H 1
| #define HAVE_STDLIB_H 1
| #define HAVE_STRING_H 1
| #define HAVE_MEMORY_H 1
| #define HAVE_STRINGS_H 1
| #define HAVE_INTTYPES_H 1
| #define HAVE_STDINT_H 1
| #define HAVE_UNISTD_H 1
| /* end confdefs.h.  */
| #ifndef __APPLE_CC__
| 	       not a universal capable compiler
| 	     #endif
| 	     typedef int dummy;
| 
configure:3477: gcc -c -g -O2  conftest.c >&5
configure:3477: $? = 0
configure:3495: gcc -c -g -O2  conftest.c >&5
conftest.c: In function 'main':
conftest.c:26:4: error: unknown type name 'not'
    not big endian
    ^~~
conftest.c:26:12: error: expected '=', ',', ';', 'asm' or '__attribute__' before 'endian'
    not big endian
            ^~~~~~
configure:3495: $? = 1
configure: failed program was:
| /* confdefs.h */
| #define PACKAGE_NAME ""
| #define PACKAGE_TARNAME ""
| #define PACKAGE_VERSION ""
| #define PACKAGE_STRING ""
| #define PACKAGE_BUGREPORT ""
| #define PACKAGE_URL ""
| #define STDC_HEADERS 1
| #define HAVE_SYS_TYPES_H 1
| #define HAVE_SYS_STAT_H 1
| #define HAVE_STDLIB_H 1
| #define HAVE_STRING_H 1
| #define HAVE_MEMORY_H 1
| #define HAVE_STRINGS_H 1
| #define HAVE_INTTYPES_H 1
| #define HAVE_STDINT_H 1
| #define HAVE_UNISTD_H 1
| /* end confdefs.h.  */
| #include <sys/types.h>
| 		#include <sys/param.h>
| 
| int
| main ()
| {
| #if BYTE_ORDER != BIG_ENDIAN
| 		 not big endian
| 		#endif
| 
|   ;
|   return 0;
| }
configure:3623: result: no
configure:3707: checking CPU type
configure:3728: checking Operating System
configure:3814: checking for main in -lutil
configure:3833: gcc -o conftest -Isrc/ -I. -L . -fPIC -DSYSCONFDIR="\"${sysconfdir}/\"" -DDOCDIR="\"${docdir}/\"" -DDATAROOTDIR="\"${datarootdir}/\""   conftest.c -lutil   >&5
configure:3833: $? = 0
configure:3842: result: yes
configure:3932: checking oniguruma.h usability
configure:3932: gcc -c -Isrc/ -I. -L . -fPIC -DSYSCONFDIR="\"${sysconfdir}/\"" -DDOCDIR="\"${docdir}/\"" -DDATAROOTDIR="\"${datarootdir}/\"" -I/usr/local/include -L /usr/local/lib -O3  conftest.c >&5
conftest.c:54:23: fatal error: oniguruma.h: No such file or directory
 #include <oniguruma.h>
                       ^
compilation terminated.
configure:3932: $? = 1
configure: failed program was:
| /* confdefs.h */
| #define PACKAGE_NAME ""
| #define PACKAGE_TARNAME ""
| #define PACKAGE_VERSION ""
| #define PACKAGE_STRING ""
| #define PACKAGE_BUGREPORT ""
| #define PACKAGE_URL ""
| #define STDC_HEADERS 1
| #define HAVE_SYS_TYPES_H 1
| #define HAVE_SYS_STAT_H 1
| #define HAVE_STDLIB_H 1
| #define HAVE_STRING_H 1
| #define HAVE_MEMORY_H 1
| #define HAVE_STRINGS_H 1
| #define HAVE_INTTYPES_H 1
| #define HAVE_STDINT_H 1
| #define HAVE_UNISTD_H 1
| #define __64BIT_CPU__ 1
| #define __LINUX__ 1
| /* end confdefs.h.  */
| #include <stdio.h>
| #ifdef HAVE_SYS_TYPES_H
| # include <sys/types.h>
| #endif
| #ifdef HAVE_SYS_STAT_H
| # include <sys/stat.h>
| #endif
| #ifdef STDC_HEADERS
| # include <stdlib.h>
| # include <stddef.h>
| #else
| # ifdef HAVE_STDLIB_H
| #  include <stdlib.h>
| # endif
| #endif
| #ifdef HAVE_STRING_H
| # if !defined STDC_HEADERS && defined HAVE_MEMORY_H
| #  include <memory.h>
| # endif
| # include <string.h>
| #endif
| #ifdef HAVE_STRINGS_H
| # include <strings.h>
| #endif
| #ifdef HAVE_INTTYPES_H
| # include <inttypes.h>
| #endif
| #ifdef HAVE_STDINT_H
| # include <stdint.h>
| #endif
| #ifdef HAVE_UNISTD_H
| # include <unistd.h>
| #endif
| #include <oniguruma.h>
configure:3932: result: no
configure:3932: checking oniguruma.h presence
configure:3932: gcc -E  conftest.c
conftest.c:21:23: fatal error: oniguruma.h: No such file or directory
 #include <oniguruma.h>
                       ^
compilation terminated.
configure:3932: $? = 1
configure: failed program was:
| /* confdefs.h */
| #define PACKAGE_NAME ""
| #define PACKAGE_TARNAME ""
| #define PACKAGE_VERSION ""
| #define PACKAGE_STRING ""
| #define PACKAGE_BUGREPORT ""
| #define PACKAGE_URL ""
| #define STDC_HEADERS 1
| #define HAVE_SYS_TYPES_H 1
| #define HAVE_SYS_STAT_H 1
| #define HAVE_STDLIB_H 1
| #define HAVE_STRING_H 1
| #define HAVE_MEMORY_H 1
| #define HAVE_STRINGS_H 1
| #define HAVE_INTTYPES_H 1
| #define HAVE_STDINT_H 1
| #define HAVE_UNISTD_H 1
| #define __64BIT_CPU__ 1
| #define __LINUX__ 1
| /* end confdefs.h.  */
| #include <oniguruma.h>
configure:3932: result: no
configure:3932: checking for oniguruma.h
configure:3932: result: no

## ---------------- ##
## Cache variables. ##
## ---------------- ##

ac_cv_c_bigendian=no
ac_cv_c_compiler_gnu=yes
ac_cv_env_CC_set=
ac_cv_env_CC_value=
ac_cv_env_CFLAGS_set=
ac_cv_env_CFLAGS_value=
ac_cv_env_CPPFLAGS_set=
ac_cv_env_CPPFLAGS_value=
ac_cv_env_CPP_set=
ac_cv_env_CPP_value=
ac_cv_env_LDFLAGS_set=
ac_cv_env_LDFLAGS_value=
ac_cv_env_LIBS_set=
ac_cv_env_LIBS_value=
ac_cv_env_build_alias_set=
ac_cv_env_build_alias_value=
ac_cv_env_host_alias_set=
ac_cv_env_host_alias_value=
ac_cv_env_target_alias_set=
ac_cv_env_target_alias_value=
ac_cv_header_inttypes_h=yes
ac_cv_header_memory_h=yes
ac_cv_header_oniguruma_h=no
ac_cv_header_stdc=yes
ac_cv_header_stdint_h=yes
ac_cv_header_stdlib_h=yes
ac_cv_header_string_h=yes
ac_cv_header_strings_h=yes
ac_cv_header_sys_stat_h=yes
ac_cv_header_sys_types_h=yes
ac_cv_header_unistd_h=yes
ac_cv_lib_util=ac_cv_lib_util_main
ac_cv_lib_util_main=yes
ac_cv_objext=o
ac_cv_path_EGREP='/bin/grep -E'
ac_cv_path_GREP=/bin/grep
ac_cv_path_install='/usr/bin/install -c'
ac_cv_prog_CPP='gcc -E'
ac_cv_prog_ac_ct_CC=gcc
ac_cv_prog_cc_c89=
ac_cv_prog_cc_g=yes

## ----------------- ##
## Output variables. ##
## ----------------- ##

CC='gcc'
CFLAGS='-Isrc/ -I. -L . -fPIC -DSYSCONFDIR="\"${sysconfdir}/\"" -DDOCDIR="\"${docdir}/\"" -DDATAROOTDIR="\"${datarootdir}/\"" -I/usr/local/include -L /usr/local/lib -O3'
CPP='gcc -E'
CPPFLAGS=''
DEFS=''
ECHO_C=''
ECHO_N='-n'
ECHO_T=''
EGREP='/bin/grep -E'
EXEEXT=''
GREP='/bin/grep'
INSTALL_DATA='${INSTALL} -m 644'
INSTALL_PROGRAM='${INSTALL}'
INSTALL_SCRIPT='${INSTALL}'
LDFLAGS=''
LIBANAME=''
LIBOBJS=''
LIBS=' -lutil'
LIBSO2NAME='libclover.so.1.0.0'
LIBSONAME='libclover.so'
LTLIBOBJS=''
OBJ='src/main.o src/utf_mb_str.o src/heap.o src/buffer.o src/klass.o src/vm.o src/debug.o src/xfunc.o src/interface.o src/type.o src/c_to_clover.o src/obj_clover.o src/obj_int.o src/obj_byte.o src/obj_short.o src/obj_uint.o src/obj_long.o src/obj_char.o src/obj_bytes.o src/obj_float.o src/obj_double.o src/obj_bool.o src/obj_pointer.o src/obj_null.o src/obj_class_object.o src/obj_user_object.o src/obj_string.o src/obj_string_buffer.o src/obj_parser.o src/obj_oniguruma_regex.o src/obj_array.o src/obj_hash.o src/obj_range.o src/obj_block.o src/obj_system.o src/obj_thread.o src/obj_mutex.o src/obj_file.o src/obj_file.o src/obj_type_object.o src/obj_void.o src/obj_anonymous.o src/obj_field.o src/obj_method.o src/obj_enum.o src/obj_wait_status.o src/obj_tm.o src/clover2llvm.o'
OBJEXT='o'
OS='LINUX'
PACKAGE_BUGREPORT=''
PACKAGE_NAME=''
PACKAGE_STRING=''
PACKAGE_TARNAME=''
PACKAGE_URL=''
PACKAGE_VERSION=''
PATH_SEPARATOR=':'
SHELL='/bin/bash'
SO_VERSION='1.0.0'
ac_ct_CC='gcc'
bindir='${exec_prefix}/bin'
build_alias=''
datadir='${datarootdir}'
datarootdir='${prefix}/share'
docdir='${datarootdir}/doc/${PACKAGE}'
dvidir='${docdir}'
exec_prefix='NONE'
host_alias=''
htmldir='${docdir}'
includedir='${prefix}/include'
infodir='${datarootdir}/info'
libdir='${exec_prefix}/lib'
libexecdir='${exec_prefix}/libexec'
localedir='${datarootdir}/locale'
localstatedir='${prefix}/var'
mandir='${datarootdir}/man'
oldincludedir='/usr/include'
pdfdir='${docdir}'
prefix='NONE'
program_transform_name='s,x,x,'
psdir='${docdir}'
sbindir='${exec_prefix}/sbin'
sharedstatedir='${prefix}/com'
sysconfdir='${prefix}/etc'
target_alias=''

## ----------- ##
## confdefs.h. ##
## ----------- ##

/* confdefs.h */
#define PACKAGE_NAME ""
#define PACKAGE_TARNAME ""
#define PACKAGE_VERSION ""
#define PACKAGE_STRING ""
#define PACKAGE_BUGREPORT ""
#define PACKAGE_URL ""
#define STDC_HEADERS 1
#define HAVE_SYS_TYPES_H 1
#define HAVE_SYS_STAT_H 1
#define HAVE_STDLIB_H 1
#define HAVE_STRING_H 1
#define HAVE_MEMORY_H 1
#define HAVE_STRINGS_H 1
#define HAVE_INTTYPES_H 1
#define HAVE_STDINT_H 1
#define HAVE_UNISTD_H 1
#define __64BIT_CPU__ 1
#define __LINUX__ 1

configure: exit 1
